[00:03:58] [ServerMain/INFO]: [bootstrap] Running Java 21 (OpenJDK 64-Bit Server VM 21.0.9+10-Ubuntu-124.04; Ubuntu null) on Linux 6.8.0-1030-azure (amd64)
[00:03:58] [ServerMain/INFO]: [bootstrap] Loading Paper 1.21.8-6-main@782ce95 (2025-07-18T20:26:58Z) for Minecraft 1.21.8
[00:03:58] [ServerMain/INFO]: [PluginInitializerManager] Initializing plugins...
[00:03:59] [ServerMain/INFO]: [PluginInitializerManager] Initialized 1 plugin
[00:03:59] [ServerMain/INFO]: [PluginInitializerManager] Bukkit plugins (1):
 - SkinsRestorer (15.9.0)
[00:04:06] [ServerMain/INFO]: Environment: Environment[sessionHost=https://sessionserver.mojang.com, servicesHost=https://api.minecraftservices.com, name=PROD]
[00:04:09] [ServerMain/INFO]: Loaded 1407 recipes
[00:04:09] [ServerMain/INFO]: Loaded 1520 advancements
[00:04:09] [ServerMain/INFO]: [ca.spottedleaf.dataconverter.minecraft.datatypes.MCTypeRegistry] Initialising converters for DataConverter...
[00:04:10] [ServerMain/INFO]: [ca.spottedleaf.dataconverter.minecraft.datatypes.MCTypeRegistry] Finished initialising converters for DataConverter in 746.5ms
[00:04:10] [Server thread/INFO]: Starting minecraft server version 1.21.8
[00:04:10] [Server thread/INFO]: Loading properties
[00:04:10] [Server thread/INFO]: This server is running Paper version 1.21.8-6-main@782ce95 (2025-07-18T20:26:58Z) (Implementing API version 1.21.8-R0.1-SNAPSHOT)
[00:04:10] [Server thread/INFO]: [spark] This server bundles the spark profiler. For more information please visit https://docs.papermc.io/paper/profiling
[00:04:10] [Server thread/INFO]: Server Ping Player Sample Count: 12
[00:04:10] [Server thread/INFO]: Using 4 threads for Netty based IO
[00:04:12] [Server thread/INFO]: [MoonriseCommon] Paper is using 1 worker threads, 1 I/O threads
[00:04:12] [Server thread/INFO]: [ChunkTaskScheduler] Chunk system is using population gen parallelism: true
[00:04:12] [Server thread/INFO]: Default game type: SURVIVAL
[00:04:12] [Server thread/INFO]: Generating keypair
[00:04:13] [Server thread/INFO]: Starting Minecraft server on *:25565
[00:04:13] [Server thread/INFO]: Using epoll channel type
[00:04:13] [Server thread/INFO]: Paper: Using libdeflate (Linux x86_64) compression from Velocity.
[00:04:13] [Server thread/INFO]: Paper: Using OpenSSL 3.x.x (Linux x86_64) cipher from Velocity.
[00:04:13] [Server thread/INFO]: [SkinsRestorer] Loading server plugin SkinsRestorer v15.9.0
[00:04:13] [Server thread/INFO]: Server permissions file permissions.yml is empty, ignoring it
[00:04:13] [Server thread/INFO]: [SkinsRestorer] Enabling SkinsRestorer v15.9.0
[00:04:15] [Server thread/INFO]: [SkinsRestorer] Running on Minecraft 1.21.8.
[00:04:16] [Server thread/INFO]: [SkinsRestorer] Using paper join listener!
[00:04:16] [Server thread/WARN]: **** SERVER IS RUNNING IN OFFLINE/INSECURE MODE!
[00:04:16] [Server thread/WARN]: The server will make no attempt to authenticate usernames. Beware.
[00:04:16] [Server thread/WARN]: While this makes the game possible to play without internet access, it also opens up the ability for hackers to connect with any username they choose.
[00:04:16] [Server thread/WARN]: To change this, set "online-mode" to "true" in the server.properties file.
[00:04:16] [Server thread/INFO]: Preparing level "world"
[00:04:16] [Folia Async Scheduler Thread #1/INFO]: [SkinsRestorer] ----------------------------------------------
[00:04:16] [Folia Async Scheduler Thread #1/INFO]: [SkinsRestorer]     +==================+
[00:04:16] [Folia Async Scheduler Thread #1/INFO]: [SkinsRestorer]     |   SkinsRestorer  |
[00:04:16] [Folia Async Scheduler Thread #1/INFO]: [SkinsRestorer]     |------------------|
[00:04:16] [Folia Async Scheduler Thread #1/INFO]: [SkinsRestorer]     |  Standalone Mode |
[00:04:16] [Folia Async Scheduler Thread #1/INFO]: [SkinsRestorer]     +==================+
[00:04:16] [Folia Async Scheduler Thread #1/INFO]: [SkinsRestorer] ----------------------------------------------
[00:04:16] [Folia Async Scheduler Thread #1/INFO]: [SkinsRestorer]     Version: 15.9.0
[00:04:16] [Folia Async Scheduler Thread #1/INFO]: [SkinsRestorer]     Commit: 1565b8f
[00:04:16] [Folia Async Scheduler Thread #1/INFO]: [SkinsRestorer]     This is the latest version!
[00:04:16] [Folia Async Scheduler Thread #1/INFO]: [SkinsRestorer] ----------------------------------------------
[00:04:16] [Folia Async Scheduler Thread #1/INFO]: [SkinsRestorer] Do you have issues? Read our troubleshooting guide: https://skinsrestorer.net/docs/troubleshooting
[00:04:16] [Folia Async Scheduler Thread #1/INFO]: [SkinsRestorer] Want to support SkinsRestorer? Consider donating: https://skinsrestorer.net/donate
[00:04:16] [Server thread/INFO]: Preparing start region for dimension minecraft:overworld
[00:04:17] [Server thread/INFO]: Preparing spawn area: 0%
[00:04:17] [Server thread/INFO]: Preparing spawn area: 0%
[00:04:18] [Server thread/INFO]: Preparing spawn area: 2%
[00:04:19] [Server thread/INFO]: Preparing spawn area: 10%
[00:04:19] [Server thread/INFO]: Preparing spawn area: 10%
[00:04:19] [Server thread/INFO]: Time elapsed: 2475 ms
[00:04:19] [Server thread/INFO]: Preparing start region for dimension minecraft:the_nether
[00:04:19] [Server thread/INFO]: Preparing spawn area: 0%
[00:04:19] [Server thread/INFO]: Preparing spawn area: 46%
[00:04:19] [Server thread/INFO]: Time elapsed: 535 ms
[00:04:19] [Server thread/INFO]: Preparing start region for dimension minecraft:the_end
[00:04:19] [Server thread/INFO]: Preparing spawn area: 0%
[00:04:20] [Server thread/INFO]: Time elapsed: 236 ms
[00:04:20] [Server thread/INFO]: [spark] Starting background profiler...
[00:04:20] [Server thread/INFO]: Done preparing level "world" (4.723s)
[00:04:20] [Server thread/INFO]: Running delayed init tasks
[00:04:20] [Server thread/INFO]: Done (23.715s)! For help, type "help"
[00:06:10] [Server thread/INFO]: Stopping the server
[00:06:10] [Server thread/INFO]: Stopping server
[00:06:10] [Server thread/INFO]: [SkinsRestorer] Disabling SkinsRestorer v15.9.0
[00:06:10] [Server thread/INFO]: Saving players
[00:06:10] [Server thread/INFO]: Saving worlds
[00:06:10] [Server thread/INFO]: Saving chunks for level 'ServerLevel[world]'/minecraft:overworld
[00:06:10] [Server thread/INFO]: [ChunkHolderManager] Waiting 60s for chunk system to halt for world 'world'
[00:06:10] [Server thread/INFO]: [ChunkHolderManager] Halted chunk system for world 'world'
[00:06:10] [Server thread/INFO]: [ChunkHolderManager] Saving all chunkholders for world 'world'
[00:06:10] [Server thread/INFO]: [ChunkHolderManager] Saved 49 block chunks, 49 entity chunks, 0 poi chunks in world 'world' in 0.52s
[00:06:10] [Server thread/INFO]: [ChunkHolderManager] Waiting 60s for chunk I/O to halt for world 'world'
[00:06:10] [Server thread/INFO]: [ChunkHolderManager] Halted I/O scheduler for world 'world'
[00:06:10] [Server thread/INFO]: Saving chunks for level 'ServerLevel[world_nether]'/minecraft:the_nether
[00:06:10] [Server thread/INFO]: [ChunkHolderManager] Waiting 60s for chunk system to halt for world 'world_nether'
[00:06:10] [Server thread/INFO]: [ChunkHolderManager] Halted chunk system for world 'world_nether'
[00:06:10] [Server thread/INFO]: [ChunkHolderManager] Saving all chunkholders for world 'world_nether'
[00:06:10] [Server thread/INFO]: [ChunkHolderManager] Saved 49 block chunks, 49 entity chunks, 0 poi chunks in world 'world_nether' in 0.16s
[00:06:10] [Server thread/INFO]: [ChunkHolderManager] Waiting 60s for chunk I/O to halt for world 'world_nether'
[00:06:10] [Server thread/INFO]: [ChunkHolderManager] Halted I/O scheduler for world 'world_nether'
[00:06:10] [Server thread/INFO]: Saving chunks for level 'ServerLevel[world_the_end]'/minecraft:the_end
[00:06:10] [Server thread/INFO]: [ChunkHolderManager] Waiting 60s for chunk system to halt for world 'world_the_end'
[00:06:10] [Server thread/INFO]: [ChunkHolderManager] Halted chunk system for world 'world_the_end'
[00:06:10] [Server thread/INFO]: [ChunkHolderManager] Saving all chunkholders for world 'world_the_end'
[00:06:11] [Server thread/INFO]: [ChunkHolderManager] Saved 49 block chunks, 49 entity chunks, 0 poi chunks in world 'world_the_end' in 0.11s
[00:06:11] [Server thread/INFO]: [ChunkHolderManager] Waiting 60s for chunk I/O to halt for world 'world_the_end'
[00:06:11] [Server thread/INFO]: [ChunkHolderManager] Halted I/O scheduler for world 'world_the_end'
[00:06:11] [Server thread/INFO]: ThreadedAnvilChunkStorage (world): All chunks are saved
[00:06:11] [Server thread/INFO]: ThreadedAnvilChunkStorage (DIM-1): All chunks are saved
[00:06:11] [Server thread/INFO]: ThreadedAnvilChunkStorage (DIM1): All chunks are saved
[00:06:11] [Server thread/INFO]: ThreadedAnvilChunkStorage: All dimensions are saved
[00:06:11] [Server thread/INFO]: Waiting for all RegionFile I/O tasks to complete...
[00:06:11] [Server thread/INFO]: All RegionFile I/O tasks to complete
[00:06:11] [Server thread/INFO]: [MoonriseCommon] Awaiting termination of worker pool for up to 60s...
[00:06:11] [Server thread/INFO]: [MoonriseCommon] Awaiting termination of I/O pool for up to 60s...
